<?xml version="1.0" encoding="UTF-8"?>
<!-- Generated by org.testng.reporters.JUnitReportReporter -->
<testsuite hostname="praveena" failures="0" tests="2" name="tests.BBCTest" time="22.756" errors="0" timestamp="2023-01-17T09:57:09 PST" skipped="0">
  <testcase classname="tests.BBCTest" name="verifyNewsLinksTest" time="17.225"/>
  <system-out/>
  <testcase classname="tests.BBCTest" name="verifyAllLinksTest" time="5.531"/>
  <system-out/>
</testsuite> <!-- tests.BBCTest -->
